






Started logging.
2022/06/28 11:47:58 logging to c:\Users\zhang'pei\Desktop\SD_Jpg\inols.log
2022/06/28 11:47:58 Initial board configuration: {"ESP32 Dev Module" esp32:esp32:esp32}
2022/06/28 11:47:58 Language server build path: C:\Users\zhang'pei\AppData\Local\Temp\arduino-language-server795329035
2022/06/28 11:47:58 Language server build sketch root: C:\Users\zhang'pei\AppData\Local\Temp\arduino-language-server795329035\sketch
2022/06/28 11:47:58 [92mIDE --> LS     CL: REQUEST initialize 0: [0m
2022/06/28 11:47:58 IDE --> initialize 0 [93m locked[0m
2022/06/28 11:47:58 IDE --> initialize 0 [93m unlocked[0m
2022/06/28 11:47:58 INIT--- initializing workbench
2022/06/28 11:47:58 INIT--- [93m locked[0m
2022/06/28 11:47:58     --> initialize(file:///c%3A/Users/zhang%27pei/Desktop/SD_Jpg)
2022/06/28 11:47:58 [91mIDE <-- LS     CL: ANSWER UNBOUND (0): [0m
2022/06/28 11:47:58 running:  d:\arduino\Arduino IDE\resources\app\node_modules\arduino-ide-extension\build\arduino-cli.exe --config-file c:\Users\zhang'pei\.arduinoIDE\arduino-cli.yaml compile --fqbn esp32:esp32:esp32 --only-compilation-database --clean --source-override C:\Users\ZHANG'~1\AppData\Local\Temp\924841454 --build-path C:\Users\zhang'pei\AppData\Local\Temp\arduino-language-server795329035 --format json C:\Users\zhang'pei\Desktop\SD_Jpg
2022/06/28 11:47:58 [92mIDE --> LS     CL: NOTIFICATION initialized: [0m
2022/06/28 11:47:59 INIT--- initializing workbench (done)
2022/06/28 11:47:59 INIT--- [93m unlocked[0m
2022/06/28 11:47:59 IDE --> initialized notif1 [93m read-locked[0m
2022/06/28 11:47:59 IDE --> initialized notif1 notification is not propagated to clangd
2022/06/28 11:47:59 IDE --> initialized notif1 [93m read-unlocked[0m
2022/06/28 11:47:59 [92mIDE --> LS     CL: NOTIFICATION textDocument/didOpen: [0m
2022/06/28 11:47:59 IDE --> textDocument/didOpen notif2 [93m locked[0m
2022/06/28 11:47:59 IDE --> textDocument/didOpen notif2 (throttled: waiting for clangd)
2022/06/28 11:47:59 IDE --> textDocument/didOpen notif2 [93m unlocked (waiting clangd)[0m







Started logging.
2022/06/28 13:42:32 logging to c:\Users\zhang'pei\Desktop\SD_Jpg\inols.log
2022/06/28 13:42:32 Initial board configuration: {"ESP32 Dev Module" esp32:esp32:esp32}
2022/06/28 13:42:32 Language server build path: C:\Users\zhang'pei\AppData\Local\Temp\arduino-language-server919770379
2022/06/28 13:42:32 Language server build sketch root: C:\Users\zhang'pei\AppData\Local\Temp\arduino-language-server919770379\sketch
2022/06/28 13:42:32 [92mIDE --> LS     CL: REQUEST initialize 0: [0m
2022/06/28 13:42:32 IDE --> initialize 0 [93m locked[0m
2022/06/28 13:42:32 IDE --> initialize 0 [93m unlocked[0m
2022/06/28 13:42:32 INIT--- initializing workbench
2022/06/28 13:42:32 INIT--- [93m locked[0m
2022/06/28 13:42:32     --> initialize(file:///c%3A/Users/zhang%27pei/Desktop/SD_Jpg)
2022/06/28 13:42:32 [91mIDE <-- LS     CL: ANSWER UNBOUND (0): [0m
2022/06/28 13:42:32 running:  d:\arduino\Arduino IDE\resources\app\node_modules\arduino-ide-extension\build\arduino-cli.exe --config-file c:\Users\zhang'pei\.arduinoIDE\arduino-cli.yaml compile --fqbn esp32:esp32:esp32 --only-compilation-database --clean --source-override C:\Users\ZHANG'~1\AppData\Local\Temp\056644334 --build-path C:\Users\zhang'pei\AppData\Local\Temp\arduino-language-server919770379 --format json C:\Users\zhang'pei\Desktop\SD_Jpg
2022/06/28 13:42:33 [92mIDE --> LS     CL: NOTIFICATION initialized: [0m
2022/06/28 13:42:34 INIT--- initializing workbench (done)
2022/06/28 13:42:34 INIT--- [93m unlocked[0m
2022/06/28 13:42:34 IDE --> initialized notif1 [93m read-locked[0m
2022/06/28 13:42:34 IDE --> initialized notif1 notification is not propagated to clangd
2022/06/28 13:42:34 IDE --> initialized notif1 [93m read-unlocked[0m
2022/06/28 13:42:34 [92mIDE --> LS     CL: NOTIFICATION textDocument/didOpen: [0m
2022/06/28 13:42:34 IDE --> textDocument/didOpen notif2 [93m locked[0m
2022/06/28 13:42:34 IDE --> textDocument/didOpen notif2 (throttled: waiting for clangd)
2022/06/28 13:42:34 IDE --> textDocument/didOpen notif2 [93m unlocked (waiting clangd)[0m







Started logging.
2022/06/28 13:42:53 logging to c:\Users\zhang'pei\Desktop\SD_Jpg\inols.log
2022/06/28 13:42:53 Initial board configuration: {"ESP32 Dev Module" esp32:esp32:esp32}
2022/06/28 13:42:53 Language server build path: C:\Users\zhang'pei\AppData\Local\Temp\arduino-language-server087730515
2022/06/28 13:42:53 Language server build sketch root: C:\Users\zhang'pei\AppData\Local\Temp\arduino-language-server087730515\sketch
2022/06/28 13:42:53 [92mIDE --> LS     CL: REQUEST initialize 0: [0m
2022/06/28 13:42:53 IDE --> initialize 0 [93m locked[0m
2022/06/28 13:42:53 IDE --> initialize 0 [93m unlocked[0m
2022/06/28 13:42:53 INIT--- initializing workbench
2022/06/28 13:42:53 INIT--- [93m locked[0m
2022/06/28 13:42:53     --> initialize(file:///c%3A/Users/zhang%27pei/Desktop/SD_Jpg)
2022/06/28 13:42:53 [91mIDE <-- LS     CL: ANSWER UNBOUND (0): [0m
2022/06/28 13:42:53 running:  d:\arduino\Arduino IDE\resources\app\node_modules\arduino-ide-extension\build\arduino-cli.exe --config-file c:\Users\zhang'pei\.arduinoIDE\arduino-cli.yaml compile --fqbn esp32:esp32:esp32 --only-compilation-database --clean --source-override C:\Users\ZHANG'~1\AppData\Local\Temp\761320598 --build-path C:\Users\zhang'pei\AppData\Local\Temp\arduino-language-server087730515 --format json C:\Users\zhang'pei\Desktop\SD_Jpg
2022/06/28 13:42:53 [92mIDE --> LS     CL: NOTIFICATION initialized: [0m
2022/06/28 13:42:54 INIT--- initializing workbench (done)
2022/06/28 13:42:54 INIT--- [93m unlocked[0m
2022/06/28 13:42:54 IDE --> initialized notif1 [93m read-locked[0m
2022/06/28 13:42:54 IDE --> initialized notif1 notification is not propagated to clangd
2022/06/28 13:42:54 IDE --> initialized notif1 [93m read-unlocked[0m
2022/06/28 13:42:54 [92mIDE --> LS     CL: NOTIFICATION textDocument/didOpen: [0m
2022/06/28 13:42:54 IDE --> textDocument/didOpen notif2 [93m locked[0m
2022/06/28 13:42:54 IDE --> textDocument/didOpen notif2 (throttled: waiting for clangd)
2022/06/28 13:42:54 IDE --> textDocument/didOpen notif2 [93m unlocked (waiting clangd)[0m







Started logging.
2022/06/28 13:54:31 logging to c:\Users\zhang'pei\Desktop\SD_Jpg\inols.log
2022/06/28 13:54:31 Initial board configuration: {"ESP32 Dev Module" esp32:esp32:esp32}
2022/06/28 13:54:31 Language server build path: C:\Users\zhang'pei\AppData\Local\Temp\arduino-language-server135888975
2022/06/28 13:54:31 Language server build sketch root: C:\Users\zhang'pei\AppData\Local\Temp\arduino-language-server135888975\sketch
2022/06/28 13:54:31 [92mIDE --> LS     CL: REQUEST initialize 0: [0m
2022/06/28 13:54:31 IDE --> initialize 0 [93m locked[0m
2022/06/28 13:54:31 IDE --> initialize 0 [93m unlocked[0m
2022/06/28 13:54:31 INIT--- initializing workbench
2022/06/28 13:54:31 INIT--- [93m locked[0m
2022/06/28 13:54:31     --> initialize(file:///c%3A/Users/zhang%27pei/Desktop/SD_Jpg)
2022/06/28 13:54:31 [91mIDE <-- LS     CL: ANSWER UNBOUND (0): [0m
2022/06/28 13:54:31 running:  d:\arduino\Arduino IDE\resources\app\node_modules\arduino-ide-extension\build\arduino-cli.exe --config-file c:\Users\zhang'pei\.arduinoIDE\arduino-cli.yaml compile --fqbn esp32:esp32:esp32 --only-compilation-database --clean --source-override C:\Users\ZHANG'~1\AppData\Local\Temp\660874082 --build-path C:\Users\zhang'pei\AppData\Local\Temp\arduino-language-server135888975 --format json C:\Users\zhang'pei\Desktop\SD_Jpg
2022/06/28 13:54:31 [92mIDE --> LS     CL: NOTIFICATION initialized: [0m
2022/06/28 13:54:32 INIT--- initializing workbench (done)
2022/06/28 13:54:32 INIT--- [93m unlocked[0m
2022/06/28 13:54:32 IDE --> initialized notif1 [93m read-locked[0m
2022/06/28 13:54:32 IDE --> initialized notif1 notification is not propagated to clangd
2022/06/28 13:54:32 IDE --> initialized notif1 [93m read-unlocked[0m
2022/06/28 13:54:32 [92mIDE --> LS     CL: NOTIFICATION textDocument/didOpen: [0m
2022/06/28 13:54:32 IDE --> textDocument/didOpen notif2 [93m locked[0m
2022/06/28 13:54:32 IDE --> textDocument/didOpen notif2 (throttled: waiting for clangd)
2022/06/28 13:54:32 IDE --> textDocument/didOpen notif2 [93m unlocked (waiting clangd)[0m







Started logging.
2022/07/02 14:07:21 logging to c:\Users\zhang'pei\Desktop\SD_Jpg\inols.log
2022/07/02 14:07:21 Initial board configuration: {"ESP32 Dev Module" esp32:esp32:esp32}
2022/07/02 14:07:21 Language server build path: C:\Users\zhang'pei\AppData\Local\Temp\arduino-language-server217385647
2022/07/02 14:07:21 Language server build sketch root: C:\Users\zhang'pei\AppData\Local\Temp\arduino-language-server217385647\sketch
2022/07/02 14:07:21 [92mIDE --> LS     CL: REQUEST initialize 0: [0m
2022/07/02 14:07:21 IDE --> initialize 0 [93m locked[0m
2022/07/02 14:07:21 IDE --> initialize 0 [93m unlocked[0m
2022/07/02 14:07:21 INIT--- initializing workbench
2022/07/02 14:07:21 INIT--- [93m locked[0m
2022/07/02 14:07:21     --> initialize(file:///c%3A/Users/zhang%27pei/Desktop/SD_Jpg)
2022/07/02 14:07:21 [91mIDE <-- LS     CL: ANSWER UNBOUND (0): [0m
2022/07/02 14:07:21 running:  d:\arduino\Arduino IDE\resources\app\node_modules\arduino-ide-extension\build\arduino-cli.exe --config-file c:\Users\zhang'pei\.arduinoIDE\arduino-cli.yaml compile --fqbn esp32:esp32:esp32 --only-compilation-database --clean --source-override C:\Users\ZHANG'~1\AppData\Local\Temp\827257410 --build-path C:\Users\zhang'pei\AppData\Local\Temp\arduino-language-server217385647 --format json C:\Users\zhang'pei\Desktop\SD_Jpg
2022/07/02 14:07:21 [92mIDE --> LS     CL: NOTIFICATION initialized: [0m
2022/07/02 14:07:23 INIT--- initializing workbench (done)
2022/07/02 14:07:23 INIT--- [93m unlocked[0m
2022/07/02 14:07:23 IDE --> initialized notif1 [93m read-locked[0m
2022/07/02 14:07:23 IDE --> initialized notif1 notification is not propagated to clangd
2022/07/02 14:07:23 IDE --> initialized notif1 [93m read-unlocked[0m
2022/07/02 14:07:23 [92mIDE --> LS     CL: NOTIFICATION textDocument/didOpen: [0m
2022/07/02 14:07:23 IDE --> textDocument/didOpen notif2 [93m locked[0m
2022/07/02 14:07:23 IDE --> textDocument/didOpen notif2 (throttled: waiting for clangd)
2022/07/02 14:07:23 IDE --> textDocument/didOpen notif2 [93m unlocked (waiting clangd)[0m







Started logging.
2022/07/13 10:04:50 logging to c:\Users\zhang'pei\Desktop\SD_Jpg\inols.log
2022/07/13 10:04:50 Initial board configuration: {"ESP32 Dev Module" esp32:esp32:esp32}
2022/07/13 10:04:50 Language server build path: C:\Users\zhang'pei\AppData\Local\Temp\arduino-language-server220382179
2022/07/13 10:04:50 Language server build sketch root: C:\Users\zhang'pei\AppData\Local\Temp\arduino-language-server220382179\sketch
2022/07/13 10:04:50 [92mIDE --> LS     CL: REQUEST initialize 0: [0m
2022/07/13 10:04:50 IDE --> initialize 0 [93m locked[0m
2022/07/13 10:04:50 IDE --> initialize 0 [93m unlocked[0m
2022/07/13 10:04:50 INIT--- initializing workbench
2022/07/13 10:04:50 INIT--- [93m locked[0m
2022/07/13 10:04:50     --> initialize(file:///c%3A/Users/zhang%27pei/Desktop/SD_Jpg)
2022/07/13 10:04:50 [91mIDE <-- LS     CL: ANSWER UNBOUND (0): [0m
2022/07/13 10:04:50 [92mIDE --> LS     CL: NOTIFICATION initialized: [0m
2022/07/13 10:04:50 running:  d:\arduino\Arduino IDE\resources\app\node_modules\arduino-ide-extension\build\arduino-cli.exe --config-file c:\Users\zhang'pei\.arduinoIDE\arduino-cli.yaml compile --fqbn esp32:esp32:esp32 --only-compilation-database --clean --source-override C:\Users\ZHANG'~1\AppData\Local\Temp\546687974 --build-path C:\Users\zhang'pei\AppData\Local\Temp\arduino-language-server220382179 --format json C:\Users\zhang'pei\Desktop\SD_Jpg
2022/07/13 10:04:52 INIT--- initializing workbench (done)
2022/07/13 10:04:52 INIT--- [93m unlocked[0m
2022/07/13 10:04:52 IDE --> initialized notif1 [93m read-locked[0m
2022/07/13 10:04:52 IDE --> initialized notif1 notification is not propagated to clangd
2022/07/13 10:04:52 IDE --> initialized notif1 [93m read-unlocked[0m
2022/07/13 10:04:52 [92mIDE --> LS     CL: NOTIFICATION textDocument/didOpen: [0m
2022/07/13 10:04:52 IDE --> textDocument/didOpen notif2 [93m locked[0m
2022/07/13 10:04:52 IDE --> textDocument/didOpen notif2 (throttled: waiting for clangd)
2022/07/13 10:04:52 IDE --> textDocument/didOpen notif2 [93m unlocked (waiting clangd)[0m
