






Started logging.
2022/06/27 12:33:53 logging to c:\Users\zhang'pei\Desktop\ESP32-2432S028ä¾‹å­\arduino\Source code\4_2_wifi_STA\inols.log
2022/06/27 12:33:53 Initial board configuration: {"ESP32 Dev Module" esp32:esp32:esp32}
2022/06/27 12:33:53 Language server build path: C:\Users\zhang'pei\AppData\Local\Temp\arduino-language-server373811531
2022/06/27 12:33:53 Language server build sketch root: C:\Users\zhang'pei\AppData\Local\Temp\arduino-language-server373811531\sketch
2022/06/27 12:33:53 [92mIDE --> LS     CL: REQUEST initialize 0: [0m
2022/06/27 12:33:53 IDE --> initialize 0 [93m locked[0m
2022/06/27 12:33:53 IDE --> initialize 0 [93m unlocked[0m
2022/06/27 12:33:53 INIT--- initializing workbench
2022/06/27 12:33:53 INIT--- [93m locked[0m
2022/06/27 12:33:53     --> initialize(file:///c%3A/Users/zhang%27pei/Desktop/ESP32-2432S028%E4%BE%8B%E5%AD%90/arduino/Source%20code/4_2_wifi_STA)
2022/06/27 12:33:53 [91mIDE <-- LS     CL: ANSWER UNBOUND (0): [0m
2022/06/27 12:33:53 running:  d:\arduino\Arduino IDE\resources\app\node_modules\arduino-ide-extension\build\arduino-cli.exe --config-file c:\Users\zhang'pei\.arduinoIDE\arduino-cli.yaml compile --fqbn esp32:esp32:esp32 --only-compilation-database --clean --source-override C:\Users\ZHANG'~1\AppData\Local\Temp\984936494 --build-path C:\Users\zhang'pei\AppData\Local\Temp\arduino-language-server373811531 --format json C:\Users\zhang'pei\Desktop\ESP32-2432S028ä¾‹å­\arduino\Source code\4_2_wifi_STA
2022/06/27 12:33:53 [92mIDE --> LS     CL: NOTIFICATION initialized: [0m
2022/06/27 12:33:55 INIT--- initializing workbench (done)
2022/06/27 12:33:55 INIT--- [93m unlocked[0m
2022/06/27 12:33:55 IDE --> initialized notif1 [93m read-locked[0m
2022/06/27 12:33:55 IDE --> initialized notif1 notification is not propagated to clangd
2022/06/27 12:33:55 IDE --> initialized notif1 [93m read-unlocked[0m
2022/06/27 12:33:55 [92mIDE --> LS     CL: NOTIFICATION textDocument/didOpen: [0m
2022/06/27 12:33:55 IDE --> textDocument/didOpen notif2 [93m locked[0m
2022/06/27 12:33:55 IDE --> textDocument/didOpen notif2 (throttled: waiting for clangd)
2022/06/27 12:33:55 IDE --> textDocument/didOpen notif2 [93m unlocked (waiting clangd)[0m
