






Started logging.
2022/07/08 17:51:11 logging to e:\æ™¶å½©\å¼€å‘èµ„æ–™\ESP32æ¨¡å—\ESP32-2432S028ä¾‹å­\arduino\Source code\3_3_LED\3_3_LED\inols.log
2022/07/08 17:51:11 Initial board configuration: {"ESP32 Dev Module" esp32:esp32:esp32}
2022/07/08 17:51:11 Language server build path: C:\Users\zhang'pei\AppData\Local\Temp\arduino-language-server736408479
2022/07/08 17:51:11 Language server build sketch root: C:\Users\zhang'pei\AppData\Local\Temp\arduino-language-server736408479\sketch
2022/07/08 17:51:11 [92mIDE --> LS     CL: REQUEST initialize 0: [0m
2022/07/08 17:51:11 IDE --> initialize 0 [93m locked[0m
2022/07/08 17:51:11 IDE --> initialize 0 [93m unlocked[0m
2022/07/08 17:51:11 [91mIDE <-- LS     CL: ANSWER UNBOUND (0): [0m
2022/07/08 17:51:11 INIT--- initializing workbench
2022/07/08 17:51:11 INIT--- [93m locked[0m
2022/07/08 17:51:11     --> initialize(file:///e%3A/%E6%99%B6%E5%BD%A9/%E5%BC%80%E5%8F%91%E8%B5%84%E6%96%99/ESP32%E6%A8%A1%E5%9D%97/ESP32-2432S028%E4%BE%8B%E5%AD%90/arduino/Source%20code/3_3_LED/3_3_LED)
2022/07/08 17:51:11 running:  d:\arduino\Arduino IDE\resources\app\node_modules\arduino-ide-extension\build\arduino-cli.exe --config-file c:\Users\zhang'pei\.arduinoIDE\arduino-cli.yaml compile --fqbn esp32:esp32:esp32 --only-compilation-database --clean --source-override C:\Users\ZHANG'~1\AppData\Local\Temp\390535794 --build-path C:\Users\zhang'pei\AppData\Local\Temp\arduino-language-server736408479 --format json E:\æ™¶å½©\å¼€å‘èµ„æ–™\ESP32æ¨¡å—\ESP32-2432S028ä¾‹å­\arduino\Source code\3_3_LED\3_3_LED
2022/07/08 17:51:11 [92mIDE --> LS     CL: NOTIFICATION initialized: [0m
2022/07/08 17:51:13 INIT--- initializing workbench (done)
2022/07/08 17:51:13 INIT--- [93m unlocked[0m
2022/07/08 17:51:13 IDE --> initialized notif1 [93m read-locked[0m
2022/07/08 17:51:13 IDE --> initialized notif1 notification is not propagated to clangd
2022/07/08 17:51:13 IDE --> initialized notif1 [93m read-unlocked[0m
2022/07/08 17:51:13 [92mIDE --> LS     CL: NOTIFICATION textDocument/didOpen: [0m
2022/07/08 17:51:13 IDE --> textDocument/didOpen notif2 [93m locked[0m
2022/07/08 17:51:13 IDE --> textDocument/didOpen notif2 (throttled: waiting for clangd)
2022/07/08 17:51:13 IDE --> textDocument/didOpen notif2 [93m unlocked (waiting clangd)[0m
