






Started logging.
2022/07/25 10:41:06 logging to e:\晶彩\资料下载\ESP32\2.8inch_ESP32-2432S028R\1-Demo\Demo_Arduino\6_1_SD_Jpg\SD_Jpg\inols.log
2022/07/25 10:41:06 Initial board configuration: {"ESP32 Dev Module" esp32:esp32:esp32}
2022/07/25 10:41:06 Language server build path: C:\Users\zhang'pei\AppData\Local\Temp\arduino-language-server810127699
2022/07/25 10:41:06 Language server build sketch root: C:\Users\zhang'pei\AppData\Local\Temp\arduino-language-server810127699\sketch
2022/07/25 10:41:06 [92mIDE --> LS     CL: REQUEST initialize 0: [0m
2022/07/25 10:41:06 IDE --> initialize 0 [93m locked[0m
2022/07/25 10:41:06 IDE --> initialize 0 [93m unlocked[0m
2022/07/25 10:41:06 INIT--- initializing workbench
2022/07/25 10:41:06 [91mIDE <-- LS     CL: ANSWER UNBOUND (0): [0m
2022/07/25 10:41:06 INIT--- [93m locked[0m
2022/07/25 10:41:06     --> initialize(file:///e%3A/%E6%99%B6%E5%BD%A9/%E8%B5%84%E6%96%99%E4%B8%8B%E8%BD%BD/ESP32/2.8inch_ESP32-2432S028R/1-Demo/Demo_Arduino/6_1_SD_Jpg/SD_Jpg)
2022/07/25 10:41:06 running:  d:\arduino\Arduino IDE\resources\app\node_modules\arduino-ide-extension\build\arduino-cli.exe --config-file c:\Users\zhang'pei\.arduinoIDE\arduino-cli.yaml compile --fqbn esp32:esp32:esp32 --only-compilation-database --clean --source-override C:\Users\ZHANG'~1\AppData\Local\Temp\033593494 --build-path C:\Users\zhang'pei\AppData\Local\Temp\arduino-language-server810127699 --format json E:\晶彩\资料下载\ESP32\2.8inch_ESP32-2432S028R\1-Demo\Demo_Arduino\6_1_SD_Jpg\SD_Jpg
2022/07/25 10:41:06 [92mIDE --> LS     CL: NOTIFICATION initialized: [0m
2022/07/25 10:41:08 INIT--- initializing workbench (done)
2022/07/25 10:41:08 INIT--- [93m unlocked[0m
2022/07/25 10:41:08 IDE --> initialized notif1 [93m read-locked[0m
2022/07/25 10:41:08 IDE --> initialized notif1 notification is not propagated to clangd
2022/07/25 10:41:08 IDE --> initialized notif1 [93m read-unlocked[0m
2022/07/25 10:41:08 [92mIDE --> LS     CL: NOTIFICATION textDocument/didOpen: [0m
2022/07/25 10:41:08 IDE --> textDocument/didOpen notif2 [93m locked[0m
2022/07/25 10:41:08 IDE --> textDocument/didOpen notif2 (throttled: waiting for clangd)
2022/07/25 10:41:08 IDE --> textDocument/didOpen notif2 [93m unlocked (waiting clangd)[0m







Started logging.
2022/07/26 11:50:31 logging to e:\晶彩\资料下载\ESP32\2.8inch_ESP32-2432S028R\1-Demo\Demo_Arduino\6_1_SD_Jpg\SD_Jpg\inols.log
2022/07/26 11:50:31 Initial board configuration: {"ESP32 Dev Module" esp32:esp32:esp32}
2022/07/26 11:50:31 Language server build path: C:\Users\zhang'pei\AppData\Local\Temp\arduino-language-server013171611
2022/07/26 11:50:31 Language server build sketch root: C:\Users\zhang'pei\AppData\Local\Temp\arduino-language-server013171611\sketch
2022/07/26 11:50:32 [92mIDE --> LS     CL: REQUEST initialize 0: [0m
2022/07/26 11:50:32 IDE --> initialize 0 [93m locked[0m
2022/07/26 11:50:32 IDE --> initialize 0 [93m unlocked[0m
2022/07/26 11:50:32 INIT--- initializing workbench
2022/07/26 11:50:32 INIT--- [93m locked[0m
2022/07/26 11:50:32 [91mIDE <-- LS     CL: ANSWER UNBOUND (0): [0m
2022/07/26 11:50:32     --> initialize(file:///e%3A/%E6%99%B6%E5%BD%A9/%E8%B5%84%E6%96%99%E4%B8%8B%E8%BD%BD/ESP32/2.8inch_ESP32-2432S028R/1-Demo/Demo_Arduino/6_1_SD_Jpg/SD_Jpg)
2022/07/26 11:50:32 [92mIDE --> LS     CL: NOTIFICATION initialized: [0m
2022/07/26 11:50:32 running:  d:\arduino\Arduino IDE\resources\app\node_modules\arduino-ide-extension\build\arduino-cli.exe --config-file c:\Users\zhang'pei\.arduinoIDE\arduino-cli.yaml compile --fqbn esp32:esp32:esp32 --only-compilation-database --clean --source-override C:\Users\ZHANG'~1\AppData\Local\Temp\724693054 --build-path C:\Users\zhang'pei\AppData\Local\Temp\arduino-language-server013171611 --format json E:\晶彩\资料下载\ESP32\2.8inch_ESP32-2432S028R\1-Demo\Demo_Arduino\6_1_SD_Jpg\SD_Jpg
2022/07/26 11:50:35 INIT--- initializing workbench (done)
2022/07/26 11:50:35 INIT--- [93m unlocked[0m
2022/07/26 11:50:35 IDE --> initialized notif1 [93m read-locked[0m
2022/07/26 11:50:35 IDE --> initialized notif1 notification is not propagated to clangd
2022/07/26 11:50:35 IDE --> initialized notif1 [93m read-unlocked[0m
2022/07/26 11:50:35 [92mIDE --> LS     CL: NOTIFICATION textDocument/didOpen: [0m
2022/07/26 11:50:35 IDE --> textDocument/didOpen notif2 [93m locked[0m
2022/07/26 11:50:35 IDE --> textDocument/didOpen notif2 (throttled: waiting for clangd)
2022/07/26 11:50:35 IDE --> textDocument/didOpen notif2 [93m unlocked (waiting clangd)[0m
