






Started logging.
2022/06/27 12:33:24 logging to c:\Users\zhang'pei\Desktop\ESP32-2432S028ä¾‹å­\arduino\Source code\4_1_wifi_AP\inols.log
2022/06/27 12:33:24 Initial board configuration: {"ESP32 Dev Module" esp32:esp32:esp32}
2022/06/27 12:33:24 Language server build path: C:\Users\zhang'pei\AppData\Local\Temp\arduino-language-server385786939
2022/06/27 12:33:24 Language server build sketch root: C:\Users\zhang'pei\AppData\Local\Temp\arduino-language-server385786939\sketch
2022/06/27 12:33:24 [92mIDE --> LS     CL: REQUEST initialize 0: [0m
2022/06/27 12:33:24 IDE --> initialize 0 [93m locked[0m
2022/06/27 12:33:24 IDE --> initialize 0 [93m unlocked[0m
2022/06/27 12:33:24 INIT--- initializing workbench
2022/06/27 12:33:24 INIT--- [93m locked[0m
2022/06/27 12:33:24     --> initialize(file:///c%3A/Users/zhang%27pei/Desktop/ESP32-2432S028%E4%BE%8B%E5%AD%90/arduino/Source%20code/4_1_wifi_AP)
2022/06/27 12:33:24 [91mIDE <-- LS     CL: ANSWER UNBOUND (0): [0m
2022/06/27 12:33:24 running:  d:\arduino\Arduino IDE\resources\app\node_modules\arduino-ide-extension\build\arduino-cli.exe --config-file c:\Users\zhang'pei\.arduinoIDE\arduino-cli.yaml compile --fqbn esp32:esp32:esp32 --only-compilation-database --clean --source-override C:\Users\ZHANG'~1\AppData\Local\Temp\868183646 --build-path C:\Users\zhang'pei\AppData\Local\Temp\arduino-language-server385786939 --format json C:\Users\zhang'pei\Desktop\ESP32-2432S028ä¾‹å­\arduino\Source code\4_1_wifi_AP
2022/06/27 12:33:24 [92mIDE --> LS     CL: NOTIFICATION initialized: [0m
2022/06/27 12:33:25 INIT--- initializing workbench (done)
2022/06/27 12:33:25 INIT--- [93m unlocked[0m
2022/06/27 12:33:25 IDE --> initialized notif1 [93m read-locked[0m
2022/06/27 12:33:25 IDE --> initialized notif1 notification is not propagated to clangd
2022/06/27 12:33:25 IDE --> initialized notif1 [93m read-unlocked[0m
2022/06/27 12:33:25 [92mIDE --> LS     CL: NOTIFICATION textDocument/didOpen: [0m
2022/06/27 12:33:25 IDE --> textDocument/didOpen notif2 [93m locked[0m
2022/06/27 12:33:25 IDE --> textDocument/didOpen notif2 (throttled: waiting for clangd)
2022/06/27 12:33:25 IDE --> textDocument/didOpen notif2 [93m unlocked (waiting clangd)[0m
