






Started logging.
2022/07/06 09:25:22 logging to c:\Users\zhang'pei\Desktop\ESP32è§†é¢‘æ¸¸æˆå¼€å‘æ¿ç¨‹åº\åœ†å±å¤©æ°”é¢„æŠ¥\æ—¶é’Ÿ\æ—¶é’Ÿ\SmallDesktopDisplay\inols.log
2022/07/06 09:25:22 Initial board configuration: {"ESP32 Dev Module" esp32:esp32:esp32}
2022/07/06 09:25:22 Language server build path: C:\Users\zhang'pei\AppData\Local\Temp\arduino-language-server829030911
2022/07/06 09:25:22 Language server build sketch root: C:\Users\zhang'pei\AppData\Local\Temp\arduino-language-server829030911\sketch
2022/07/06 09:25:22 [92mIDE --> LS     CL: REQUEST initialize 0: [0m
2022/07/06 09:25:22 IDE --> initialize 0 [93m locked[0m
2022/07/06 09:25:22 IDE --> initialize 0 [93m unlocked[0m
2022/07/06 09:25:22 INIT--- initializing workbench
2022/07/06 09:25:22 INIT--- [93m locked[0m
2022/07/06 09:25:22     --> initialize(file:///c%3A/Users/zhang%27pei/Desktop/ESP32%E8%A7%86%E9%A2%91%E6%B8%B8%E6%88%8F%E5%BC%80%E5%8F%91%E6%9D%BF%E7%A8%8B%E5%BA%8F/%E5%9C%86%E5%B1%8F%E5%A4%A9%E6%B0%94%E9%A2%84%E6%8A%A5/%E6%97%B6%E9%92%9F/%E6%97%B6%E9%92%9F/SmallDesktopDisplay)
2022/07/06 09:25:22 [91mIDE <-- LS     CL: ANSWER UNBOUND (0): [0m
2022/07/06 09:25:22 running:  d:\arduino\Arduino IDE\resources\app\node_modules\arduino-ide-extension\build\arduino-cli.exe --config-file c:\Users\zhang'pei\.arduinoIDE\arduino-cli.yaml compile --fqbn esp32:esp32:esp32 --only-compilation-database --clean --source-override C:\Users\ZHANG'~1\AppData\Local\Temp\972137298 --build-path C:\Users\zhang'pei\AppData\Local\Temp\arduino-language-server829030911 --format json C:\Users\zhang'pei\Desktop\ESP32è§†é¢‘æ¸¸æˆå¼€å‘æ¿ç¨‹åº\åœ†å±å¤©æ°”é¢„æŠ¥\æ—¶é’Ÿ\æ—¶é’Ÿ\SmallDesktopDisplay
2022/07/06 09:25:22 [92mIDE --> LS     CL: NOTIFICATION initialized: [0m
2022/07/06 09:25:23 INIT--- initializing workbench (done)
2022/07/06 09:25:23 INIT--- [93m unlocked[0m
2022/07/06 09:25:23 IDE --> initialized notif1 [93m read-locked[0m
2022/07/06 09:25:23 IDE --> initialized notif1 notification is not propagated to clangd
2022/07/06 09:25:23 IDE --> initialized notif1 [93m read-unlocked[0m
2022/07/06 09:25:23 [92mIDE --> LS     CL: NOTIFICATION textDocument/didOpen: [0m
2022/07/06 09:25:23 IDE --> textDocument/didOpen notif2 [93m locked[0m
2022/07/06 09:25:23 IDE --> textDocument/didOpen notif2 (throttled: waiting for clangd)
2022/07/06 09:25:23 IDE --> textDocument/didOpen notif2 [93m unlocked (waiting clangd)[0m







Started logging.
2022/07/06 13:52:56 logging to c:\Users\zhang'pei\Desktop\SmallDesktopDisplay\SmallDesktopDisplay\inols.log
2022/07/06 13:52:56 Initial board configuration: {"ESP32 Dev Module" esp32:esp32:esp32}
2022/07/06 13:52:56 Language server build path: C:\Users\zhang'pei\AppData\Local\Temp\arduino-language-server425460047
2022/07/06 13:52:56 Language server build sketch root: C:\Users\zhang'pei\AppData\Local\Temp\arduino-language-server425460047\sketch
2022/07/06 13:52:56 [92mIDE --> LS     CL: REQUEST initialize 0: [0m
2022/07/06 13:52:56 IDE --> initialize 0 [93m locked[0m
2022/07/06 13:52:56 IDE --> initialize 0 [93m unlocked[0m
2022/07/06 13:52:56 INIT--- initializing workbench
2022/07/06 13:52:56 INIT--- [93m locked[0m
2022/07/06 13:52:56     --> initialize(file:///c%3A/Users/zhang%27pei/Desktop/SmallDesktopDisplay/SmallDesktopDisplay)
2022/07/06 13:52:56 [91mIDE <-- LS     CL: ANSWER UNBOUND (0): [0m
2022/07/06 13:52:56 running:  d:\arduino\Arduino IDE\resources\app\node_modules\arduino-ide-extension\build\arduino-cli.exe --config-file c:\Users\zhang'pei\.arduinoIDE\arduino-cli.yaml compile --fqbn esp32:esp32:esp32 --only-compilation-database --clean --source-override C:\Users\ZHANG'~1\AppData\Local\Temp\331134050 --build-path C:\Users\zhang'pei\AppData\Local\Temp\arduino-language-server425460047 --format json C:\Users\zhang'pei\Desktop\SmallDesktopDisplay\SmallDesktopDisplay
2022/07/06 13:52:56 [92mIDE --> LS     CL: NOTIFICATION initialized: [0m
2022/07/06 13:52:58 INIT--- initializing workbench (done)
2022/07/06 13:52:58 INIT--- [93m unlocked[0m
2022/07/06 13:52:58 IDE --> initialized notif1 [93m read-locked[0m
2022/07/06 13:52:58 IDE --> initialized notif1 notification is not propagated to clangd
2022/07/06 13:52:58 IDE --> initialized notif1 [93m read-unlocked[0m
2022/07/06 13:52:58 [92mIDE --> LS     CL: NOTIFICATION textDocument/didOpen: [0m
2022/07/06 13:52:58 IDE --> textDocument/didOpen notif2 [93m locked[0m
2022/07/06 13:52:58 IDE --> textDocument/didOpen notif2 (throttled: waiting for clangd)
2022/07/06 13:52:58 IDE --> textDocument/didOpen notif2 [93m unlocked (waiting clangd)[0m







Started logging.
2022/07/06 14:20:00 logging to e:\æ™¶å½©\å¼€å‘èµ„æ–™\ESP32æ¨¡å—\ESP32-2432S028ä¾‹å­\arduino\Source code\4_11_SmallDesktopDisplay\SmallDesktopDisplay\inols.log
2022/07/06 14:20:00 Initial board configuration: {"ESP32 Dev Module" esp32:esp32:esp32}
2022/07/06 14:20:00 Language server build path: C:\Users\zhang'pei\AppData\Local\Temp\arduino-language-server348209543
2022/07/06 14:20:00 Language server build sketch root: C:\Users\zhang'pei\AppData\Local\Temp\arduino-language-server348209543\sketch
2022/07/06 14:20:00 [92mIDE --> LS     CL: REQUEST initialize 0: [0m
2022/07/06 14:20:00 IDE --> initialize 0 [93m locked[0m
2022/07/06 14:20:00 IDE --> initialize 0 [93m unlocked[0m
2022/07/06 14:20:00 [91mIDE <-- LS     CL: ANSWER UNBOUND (0): [0m
2022/07/06 14:20:00 INIT--- initializing workbench
2022/07/06 14:20:00 INIT--- [93m locked[0m
2022/07/06 14:20:00     --> initialize(file:///e%3A/%E6%99%B6%E5%BD%A9/%E5%BC%80%E5%8F%91%E8%B5%84%E6%96%99/ESP32%E6%A8%A1%E5%9D%97/ESP32-2432S028%E4%BE%8B%E5%AD%90/arduino/Source%20code/4_11_SmallDesktopDisplay/SmallDesktopDisplay)
2022/07/06 14:20:00 [92mIDE --> LS     CL: NOTIFICATION initialized: [0m
2022/07/06 14:20:00 running:  d:\arduino\Arduino IDE\resources\app\node_modules\arduino-ide-extension\build\arduino-cli.exe --config-file c:\Users\zhang'pei\.arduinoIDE\arduino-cli.yaml compile --fqbn esp32:esp32:esp32 --only-compilation-database --clean --source-override C:\Users\ZHANG'~1\AppData\Local\Temp\961838394 --build-path C:\Users\zhang'pei\AppData\Local\Temp\arduino-language-server348209543 --format json E:\æ™¶å½©\å¼€å‘èµ„æ–™\ESP32æ¨¡å—\ESP32-2432S028ä¾‹å­\arduino\Source code\4_11_SmallDesktopDisplay\SmallDesktopDisplay
2022/07/06 14:20:01 INIT--- initializing workbench (done)
2022/07/06 14:20:01 INIT--- [93m unlocked[0m
2022/07/06 14:20:01 IDE --> initialized notif1 [93m read-locked[0m
2022/07/06 14:20:01 IDE --> initialized notif1 notification is not propagated to clangd
2022/07/06 14:20:01 IDE --> initialized notif1 [93m read-unlocked[0m
2022/07/06 14:20:01 [92mIDE --> LS     CL: NOTIFICATION textDocument/didOpen: [0m
2022/07/06 14:20:01 IDE --> textDocument/didOpen notif2 [93m locked[0m
2022/07/06 14:20:01 IDE --> textDocument/didOpen notif2 (throttled: waiting for clangd)
2022/07/06 14:20:01 IDE --> textDocument/didOpen notif2 [93m unlocked (waiting clangd)[0m







Started logging.
2022/07/08 17:50:24 logging to e:\æ™¶å½©\å¼€å‘èµ„æ–™\ESP32æ¨¡å—\ESP32-2432S028ä¾‹å­\arduino\Source code\4_11_SmallDesktopDisplay\SmallDesktopDisplay\inols.log
2022/07/08 17:50:24 Initial board configuration: {"ESP32 Dev Module" esp32:esp32:esp32}
2022/07/08 17:50:24 Language server build path: C:\Users\zhang'pei\AppData\Local\Temp\arduino-language-server545189895
2022/07/08 17:50:24 Language server build sketch root: C:\Users\zhang'pei\AppData\Local\Temp\arduino-language-server545189895\sketch
2022/07/08 17:50:24 [92mIDE --> LS     CL: REQUEST initialize 0: [0m
2022/07/08 17:50:24 IDE --> initialize 0 [93m locked[0m
2022/07/08 17:50:24 IDE --> initialize 0 [93m unlocked[0m
2022/07/08 17:50:24 INIT--- initializing workbench
2022/07/08 17:50:24 INIT--- [93m locked[0m
2022/07/08 17:50:24 [91mIDE <-- LS     CL: ANSWER UNBOUND (0): [0m
2022/07/08 17:50:24     --> initialize(file:///e%3A/%E6%99%B6%E5%BD%A9/%E5%BC%80%E5%8F%91%E8%B5%84%E6%96%99/ESP32%E6%A8%A1%E5%9D%97/ESP32-2432S028%E4%BE%8B%E5%AD%90/arduino/Source%20code/4_11_SmallDesktopDisplay/SmallDesktopDisplay)
2022/07/08 17:50:24 [92mIDE --> LS     CL: NOTIFICATION initialized: [0m
2022/07/08 17:50:24 running:  d:\arduino\Arduino IDE\resources\app\node_modules\arduino-ide-extension\build\arduino-cli.exe --config-file c:\Users\zhang'pei\.arduinoIDE\arduino-cli.yaml compile --fqbn esp32:esp32:esp32 --only-compilation-database --clean --source-override C:\Users\ZHANG'~1\AppData\Local\Temp\792441786 --build-path C:\Users\zhang'pei\AppData\Local\Temp\arduino-language-server545189895 --format json E:\æ™¶å½©\å¼€å‘èµ„æ–™\ESP32æ¨¡å—\ESP32-2432S028ä¾‹å­\arduino\Source code\4_11_SmallDesktopDisplay\SmallDesktopDisplay
2022/07/08 17:50:26 INIT--- initializing workbench (done)
2022/07/08 17:50:26 INIT--- [93m unlocked[0m
2022/07/08 17:50:26 IDE --> initialized notif1 [93m read-locked[0m
2022/07/08 17:50:26 IDE --> initialized notif1 notification is not propagated to clangd
2022/07/08 17:50:26 IDE --> initialized notif1 [93m read-unlocked[0m
2022/07/08 17:50:26 [92mIDE --> LS     CL: NOTIFICATION textDocument/didOpen: [0m
2022/07/08 17:50:26 IDE --> textDocument/didOpen notif2 [93m locked[0m
2022/07/08 17:50:26 IDE --> textDocument/didOpen notif2 (throttled: waiting for clangd)
2022/07/08 17:50:26 IDE --> textDocument/didOpen notif2 [93m unlocked (waiting clangd)[0m
