






Started logging.
2022/06/30 11:48:01 logging to c:\Users\zhang'pei\Desktop\ESP32-2432S028ä¾‹å­\arduino\Source code\3_4-4_ESP32_TFT_eSPI-LVGL\ESP32_TFT_eSPI\inols.log
2022/06/30 11:48:01 Initial board configuration: {"ESP32 Dev Module" esp32:esp32:esp32}
2022/06/30 11:48:01 Language server build path: C:\Users\zhang'pei\AppData\Local\Temp\arduino-language-server771850835
2022/06/30 11:48:01 Language server build sketch root: C:\Users\zhang'pei\AppData\Local\Temp\arduino-language-server771850835\sketch
2022/06/30 11:48:01 [92mIDE --> LS     CL: REQUEST initialize 0: [0m
2022/06/30 11:48:01 IDE --> initialize 0 [93m locked[0m
2022/06/30 11:48:01 IDE --> initialize 0 [93m unlocked[0m
2022/06/30 11:48:01 INIT--- initializing workbench
2022/06/30 11:48:01 INIT--- [93m locked[0m
2022/06/30 11:48:01     --> initialize(file:///c%3A/Users/zhang%27pei/Desktop/ESP32-2432S028%E4%BE%8B%E5%AD%90/arduino/Source%20code/3_4-4_ESP32_TFT_eSPI-LVGL/ESP32_TFT_eSPI)
2022/06/30 11:48:01 [91mIDE <-- LS     CL: ANSWER UNBOUND (0): [0m
2022/06/30 11:48:01 running:  d:\arduino\Arduino IDE\resources\app\node_modules\arduino-ide-extension\build\arduino-cli.exe --config-file c:\Users\zhang'pei\.arduinoIDE\arduino-cli.yaml compile --fqbn esp32:esp32:esp32 --only-compilation-database --clean --source-override C:\Users\ZHANG'~1\AppData\Local\Temp\407378838 --build-path C:\Users\zhang'pei\AppData\Local\Temp\arduino-language-server771850835 --format json C:\Users\zhang'pei\Desktop\ESP32-2432S028ä¾‹å­\arduino\Source code\3_4-4_ESP32_TFT_eSPI-LVGL\ESP32_TFT_eSPI
2022/06/30 11:48:01 [92mIDE --> LS     CL: NOTIFICATION initialized: [0m
2022/06/30 11:48:03 INIT--- initializing workbench (done)
2022/06/30 11:48:03 INIT--- [93m unlocked[0m
2022/06/30 11:48:03 IDE --> initialized notif1 [93m read-locked[0m
2022/06/30 11:48:03 IDE --> initialized notif1 notification is not propagated to clangd
2022/06/30 11:48:03 IDE --> initialized notif1 [93m read-unlocked[0m
2022/06/30 11:48:03 [92mIDE --> LS     CL: NOTIFICATION textDocument/didOpen: [0m
2022/06/30 11:48:03 IDE --> textDocument/didOpen notif2 [93m locked[0m
2022/06/30 11:48:03 IDE --> textDocument/didOpen notif2 (throttled: waiting for clangd)
2022/06/30 11:48:03 IDE --> textDocument/didOpen notif2 [93m unlocked (waiting clangd)[0m







Started logging.
2022/06/30 18:05:08 logging to c:\Users\zhang'pei\Desktop\ESP32-2432S028ä¾‹å­\arduino\Source code\3_4-4_ESP32_TFT_eSPI-LVGL\ESP32_TFT_eSPI\inols.log
2022/06/30 18:05:08 Initial board configuration: {"ESP32 Dev Module" esp32:esp32:esp32}
2022/06/30 18:05:08 Language server build path: C:\Users\zhang'pei\AppData\Local\Temp\arduino-language-server903122407
2022/06/30 18:05:08 Language server build sketch root: C:\Users\zhang'pei\AppData\Local\Temp\arduino-language-server903122407\sketch
2022/06/30 18:05:08 [92mIDE --> LS     CL: REQUEST initialize 0: [0m
2022/06/30 18:05:08 IDE --> initialize 0 [93m locked[0m
2022/06/30 18:05:08 IDE --> initialize 0 [93m unlocked[0m
2022/06/30 18:05:08 INIT--- initializing workbench
2022/06/30 18:05:08 INIT--- [93m locked[0m
2022/06/30 18:05:08 [91mIDE <-- LS     CL: ANSWER UNBOUND (0): [0m
2022/06/30 18:05:08     --> initialize(file:///c%3A/Users/zhang%27pei/Desktop/ESP32-2432S028%E4%BE%8B%E5%AD%90/arduino/Source%20code/3_4-4_ESP32_TFT_eSPI-LVGL/ESP32_TFT_eSPI)
2022/06/30 18:05:08 [92mIDE --> LS     CL: NOTIFICATION initialized: [0m
2022/06/30 18:05:08 running:  d:\arduino\Arduino IDE\resources\app\node_modules\arduino-ide-extension\build\arduino-cli.exe --config-file c:\Users\zhang'pei\.arduinoIDE\arduino-cli.yaml compile --fqbn esp32:esp32:esp32 --only-compilation-database --clean --source-override C:\Users\ZHANG'~1\AppData\Local\Temp\594078746 --build-path C:\Users\zhang'pei\AppData\Local\Temp\arduino-language-server903122407 --format json C:\Users\zhang'pei\Desktop\ESP32-2432S028ä¾‹å­\arduino\Source code\3_4-4_ESP32_TFT_eSPI-LVGL\ESP32_TFT_eSPI
2022/06/30 18:05:10 INIT--- initializing workbench (done)
2022/06/30 18:05:10 INIT--- [93m unlocked[0m
2022/06/30 18:05:10 IDE --> initialized notif1 [93m read-locked[0m
2022/06/30 18:05:10 IDE --> initialized notif1 notification is not propagated to clangd
2022/06/30 18:05:10 IDE --> initialized notif1 [93m read-unlocked[0m
2022/06/30 18:05:10 [92mIDE --> LS     CL: NOTIFICATION textDocument/didOpen: [0m
2022/06/30 18:05:10 IDE --> textDocument/didOpen notif2 [93m locked[0m
2022/06/30 18:05:10 IDE --> textDocument/didOpen notif2 (throttled: waiting for clangd)
2022/06/30 18:05:10 IDE --> textDocument/didOpen notif2 [93m unlocked (waiting clangd)[0m







Started logging.
2022/07/27 19:02:47 logging to e:\æ™¶å½©\èµ„æ–™ä¸‹è½½\ESP32\2.8inch_ESP32-2432S028R\1-Demo\Demo_Arduino\3_4-4_ESP32_TFT_eSPI-LVGL\ESP32_TFT_eSPI\inols.log
2022/07/27 19:02:47 Initial board configuration: {"ESP32 Dev Module" esp32:esp32:esp32}
2022/07/27 19:02:47 Language server build path: C:\Users\zhang'pei\AppData\Local\Temp\arduino-language-server084666003
2022/07/27 19:02:47 Language server build sketch root: C:\Users\zhang'pei\AppData\Local\Temp\arduino-language-server084666003\sketch
2022/07/27 19:02:47 [92mIDE --> LS     CL: REQUEST initialize 0: [0m
2022/07/27 19:02:47 IDE --> initialize 0 [93m locked[0m
2022/07/27 19:02:47 IDE --> initialize 0 [93m unlocked[0m
2022/07/27 19:02:47 INIT--- initializing workbench
2022/07/27 19:02:47 INIT--- [93m locked[0m
2022/07/27 19:02:47     --> initialize(file:///e%3A/%E6%99%B6%E5%BD%A9/%E8%B5%84%E6%96%99%E4%B8%8B%E8%BD%BD/ESP32/2.8inch_ESP32-2432S028R/1-Demo/Demo_Arduino/3_4-4_ESP32_TFT_eSPI-LVGL/ESP32_TFT_eSPI)
2022/07/27 19:02:47 [91mIDE <-- LS     CL: ANSWER UNBOUND (0): [0m
2022/07/27 19:02:47 running:  d:\arduino\Arduino IDE\resources\app\node_modules\arduino-ide-extension\build\arduino-cli.exe --config-file c:\Users\zhang'pei\.arduinoIDE\arduino-cli.yaml compile --fqbn esp32:esp32:esp32 --only-compilation-database --clean --source-override C:\Users\ZHANG'~1\AppData\Local\Temp\139198678 --build-path C:\Users\zhang'pei\AppData\Local\Temp\arduino-language-server084666003 --format json E:\æ™¶å½©\èµ„æ–™ä¸‹è½½\ESP32\2.8inch_ESP32-2432S028R\1-Demo\Demo_Arduino\3_4-4_ESP32_TFT_eSPI-LVGL\ESP32_TFT_eSPI
2022/07/27 19:02:47 [92mIDE --> LS     CL: NOTIFICATION initialized: [0m
2022/07/27 19:02:49 INIT--- initializing workbench (done)
2022/07/27 19:02:49 INIT--- [93m unlocked[0m
2022/07/27 19:02:49 IDE --> initialized notif1 [93m read-locked[0m
2022/07/27 19:02:49 IDE --> initialized notif1 notification is not propagated to clangd
2022/07/27 19:02:49 IDE --> initialized notif1 [93m read-unlocked[0m
2022/07/27 19:02:49 [92mIDE --> LS     CL: NOTIFICATION textDocument/didOpen: [0m
2022/07/27 19:02:49 IDE --> textDocument/didOpen notif2 [93m locked[0m
2022/07/27 19:02:49 IDE --> textDocument/didOpen notif2 (throttled: waiting for clangd)
2022/07/27 19:02:49 IDE --> textDocument/didOpen notif2 [93m unlocked (waiting clangd)[0m







Started logging.
2022/07/30 10:13:48 logging to e:\æ™¶å½©\èµ„æ–™ä¸‹è½½\ESP32\2.8inch_ESP32-2432S028R\1-Demo\Demo_Arduino\3_4-4_ESP32_TFT_eSPI-LVGL\ESP32_TFT_eSPI\inols.log
2022/07/30 10:13:48 Initial board configuration: {"ESP32 Dev Module" esp32:esp32:esp32}
2022/07/30 10:13:48 Language server build path: C:\Users\zhang'pei\AppData\Local\Temp\arduino-language-server388904359
2022/07/30 10:13:48 Language server build sketch root: C:\Users\zhang'pei\AppData\Local\Temp\arduino-language-server388904359\sketch
2022/07/30 10:13:48 [92mIDE --> LS     CL: REQUEST initialize 0: [0m
2022/07/30 10:13:48 IDE --> initialize 0 [93m locked[0m
2022/07/30 10:13:48 IDE --> initialize 0 [93m unlocked[0m
2022/07/30 10:13:48 [91mIDE <-- LS     CL: ANSWER UNBOUND (0): [0m
2022/07/30 10:13:48 INIT--- initializing workbench
2022/07/30 10:13:48 INIT--- [93m locked[0m
2022/07/30 10:13:48     --> initialize(file:///e%3A/%E6%99%B6%E5%BD%A9/%E8%B5%84%E6%96%99%E4%B8%8B%E8%BD%BD/ESP32/2.8inch_ESP32-2432S028R/1-Demo/Demo_Arduino/3_4-4_ESP32_TFT_eSPI-LVGL/ESP32_TFT_eSPI)
2022/07/30 10:13:48 running:  d:\arduino\Arduino IDE\resources\app\node_modules\arduino-ide-extension\build\arduino-cli.exe --config-file c:\Users\zhang'pei\.arduinoIDE\arduino-cli.yaml compile --fqbn esp32:esp32:esp32 --only-compilation-database --clean --source-override C:\Users\ZHANG'~1\AppData\Local\Temp\945249498 --build-path C:\Users\zhang'pei\AppData\Local\Temp\arduino-language-server388904359 --format json E:\æ™¶å½©\èµ„æ–™ä¸‹è½½\ESP32\2.8inch_ESP32-2432S028R\1-Demo\Demo_Arduino\3_4-4_ESP32_TFT_eSPI-LVGL\ESP32_TFT_eSPI
2022/07/30 10:13:48 [92mIDE --> LS     CL: NOTIFICATION initialized: [0m
2022/07/30 10:13:50 INIT--- initializing workbench (done)
2022/07/30 10:13:50 INIT--- [93m unlocked[0m
2022/07/30 10:13:50 IDE --> initialized notif1 [93m read-locked[0m
2022/07/30 10:13:50 IDE --> initialized notif1 notification is not propagated to clangd
2022/07/30 10:13:50 IDE --> initialized notif1 [93m read-unlocked[0m
2022/07/30 10:13:50 [92mIDE --> LS     CL: NOTIFICATION textDocument/didOpen: [0m
2022/07/30 10:13:50 IDE --> textDocument/didOpen notif2 [93m locked[0m
2022/07/30 10:13:50 IDE --> textDocument/didOpen notif2 (throttled: waiting for clangd)
2022/07/30 10:13:50 IDE --> textDocument/didOpen notif2 [93m unlocked (waiting clangd)[0m
