






Started logging.
2022/06/26 18:20:47 logging to c:\Users\zhang'pei\Desktop\ESP32-2432S028ä¾‹å­\arduino\Source code\4_4_wifi_STA_TCP_Server\inols.log
2022/06/26 18:20:47 Initial board configuration: {"ESP32 Dev Module" esp32:esp32:esp32}
2022/06/26 18:20:47 Language server build path: C:\Users\zhang'pei\AppData\Local\Temp\arduino-language-server565690311
2022/06/26 18:20:47 Language server build sketch root: C:\Users\zhang'pei\AppData\Local\Temp\arduino-language-server565690311\sketch
2022/06/26 18:20:47 [92mIDE --> LS     CL: REQUEST initialize 0: [0m
2022/06/26 18:20:47 IDE --> initialize 0 [93m locked[0m
2022/06/26 18:20:47 IDE --> initialize 0 [93m unlocked[0m
2022/06/26 18:20:47 INIT--- initializing workbench
2022/06/26 18:20:47 INIT--- [93m locked[0m
2022/06/26 18:20:47     --> initialize(file:///c%3A/Users/zhang%27pei/Desktop/ESP32-2432S028%E4%BE%8B%E5%AD%90/arduino/Source%20code/4_4_wifi_STA_TCP_Server)
2022/06/26 18:20:47 [91mIDE <-- LS     CL: ANSWER UNBOUND (0): [0m
2022/06/26 18:20:47 running:  d:\arduino\Arduino IDE\resources\app\node_modules\arduino-ide-extension\build\arduino-cli.exe --config-file c:\Users\zhang'pei\.arduinoIDE\arduino-cli.yaml compile --fqbn esp32:esp32:esp32 --only-compilation-database --clean --source-override C:\Users\ZHANG'~1\AppData\Local\Temp\732217466 --build-path C:\Users\zhang'pei\AppData\Local\Temp\arduino-language-server565690311 --format json C:\Users\zhang'pei\Desktop\ESP32-2432S028ä¾‹å­\arduino\Source code\4_4_wifi_STA_TCP_Server
2022/06/26 18:20:47 [92mIDE --> LS     CL: NOTIFICATION initialized: [0m
2022/06/26 18:20:49 INIT--- initializing workbench (done)
2022/06/26 18:20:49 INIT--- [93m unlocked[0m
2022/06/26 18:20:49 IDE --> initialized notif1 [93m read-locked[0m
2022/06/26 18:20:49 IDE --> initialized notif1 notification is not propagated to clangd
2022/06/26 18:20:49 IDE --> initialized notif1 [93m read-unlocked[0m
2022/06/26 18:20:49 [92mIDE --> LS     CL: NOTIFICATION textDocument/didOpen: [0m
2022/06/26 18:20:49 IDE --> textDocument/didOpen notif2 [93m locked[0m
2022/06/26 18:20:49 IDE --> textDocument/didOpen notif2 (throttled: waiting for clangd)
2022/06/26 18:20:49 IDE --> textDocument/didOpen notif2 [93m unlocked (waiting clangd)[0m







Started logging.
2022/06/27 11:23:55 logging to c:\Users\zhang'pei\Desktop\ESP32-2432S028ä¾‹å­\arduino\Source code\4_4_wifi_STA_TCP_Server\inols.log
2022/06/27 11:23:55 Initial board configuration: {"ESP32 Dev Module" esp32:esp32:esp32}
2022/06/27 11:23:55 Language server build path: C:\Users\zhang'pei\AppData\Local\Temp\arduino-language-server889275795
2022/06/27 11:23:55 Language server build sketch root: C:\Users\zhang'pei\AppData\Local\Temp\arduino-language-server889275795\sketch
2022/06/27 11:23:55 [92mIDE --> LS     CL: REQUEST initialize 0: [0m
2022/06/27 11:23:55 IDE --> initialize 0 [93m locked[0m
2022/06/27 11:23:55 IDE --> initialize 0 [93m unlocked[0m
2022/06/27 11:23:55 INIT--- initializing workbench
2022/06/27 11:23:55 INIT--- [93m locked[0m
2022/06/27 11:23:55 [91mIDE <-- LS     CL: ANSWER UNBOUND (0): [0m
2022/06/27 11:23:55     --> initialize(file:///c%3A/Users/zhang%27pei/Desktop/ESP32-2432S028%E4%BE%8B%E5%AD%90/arduino/Source%20code/4_4_wifi_STA_TCP_Server)
2022/06/27 11:23:55 running:  d:\arduino\Arduino IDE\resources\app\node_modules\arduino-ide-extension\build\arduino-cli.exe --config-file c:\Users\zhang'pei\.arduinoIDE\arduino-cli.yaml compile --fqbn esp32:esp32:esp32 --only-compilation-database --clean --source-override C:\Users\ZHANG'~1\AppData\Local\Temp\817216470 --build-path C:\Users\zhang'pei\AppData\Local\Temp\arduino-language-server889275795 --format json C:\Users\zhang'pei\Desktop\ESP32-2432S028ä¾‹å­\arduino\Source code\4_4_wifi_STA_TCP_Server
2022/06/27 11:23:55 [92mIDE --> LS     CL: NOTIFICATION initialized: [0m
2022/06/27 11:23:56 INIT--- initializing workbench (done)
2022/06/27 11:23:56 INIT--- [93m unlocked[0m
2022/06/27 11:23:56 IDE --> initialized notif1 [93m read-locked[0m
2022/06/27 11:23:56 IDE --> initialized notif1 notification is not propagated to clangd
2022/06/27 11:23:56 IDE --> initialized notif1 [93m read-unlocked[0m
2022/06/27 11:23:56 [92mIDE --> LS     CL: NOTIFICATION textDocument/didOpen: [0m
2022/06/27 11:23:56 IDE --> textDocument/didOpen notif2 [93m locked[0m
2022/06/27 11:23:56 IDE --> textDocument/didOpen notif2 (throttled: waiting for clangd)
2022/06/27 11:23:56 IDE --> textDocument/didOpen notif2 [93m unlocked (waiting clangd)[0m







Started logging.
2022/06/27 11:24:43 logging to c:\Users\zhang'pei\Desktop\ESP32-2432S028ä¾‹å­\arduino\Source code\4_4_wifi_STA_TCP_Server\inols.log
2022/06/27 11:24:43 Initial board configuration: {"ESP32 Dev Module" esp32:esp32:esp32}
2022/06/27 11:24:43 Language server build path: C:\Users\zhang'pei\AppData\Local\Temp\arduino-language-server070346511
2022/06/27 11:24:43 Language server build sketch root: C:\Users\zhang'pei\AppData\Local\Temp\arduino-language-server070346511\sketch
2022/06/27 11:24:43 [92mIDE --> LS     CL: REQUEST initialize 0: [0m
2022/06/27 11:24:43 IDE --> initialize 0 [93m locked[0m
2022/06/27 11:24:43 IDE --> initialize 0 [93m unlocked[0m
2022/06/27 11:24:43 INIT--- initializing workbench
2022/06/27 11:24:43 INIT--- [93m locked[0m
2022/06/27 11:24:43     --> initialize(file:///c%3A/Users/zhang%27pei/Desktop/ESP32-2432S028%E4%BE%8B%E5%AD%90/arduino/Source%20code/4_4_wifi_STA_TCP_Server)
2022/06/27 11:24:43 [91mIDE <-- LS     CL: ANSWER UNBOUND (0): [0m
2022/06/27 11:24:43 running:  d:\arduino\Arduino IDE\resources\app\node_modules\arduino-ide-extension\build\arduino-cli.exe --config-file c:\Users\zhang'pei\.arduinoIDE\arduino-cli.yaml compile --fqbn esp32:esp32:esp32 --only-compilation-database --clean --source-override C:\Users\ZHANG'~1\AppData\Local\Temp\220769570 --build-path C:\Users\zhang'pei\AppData\Local\Temp\arduino-language-server070346511 --format json C:\Users\zhang'pei\Desktop\ESP32-2432S028ä¾‹å­\arduino\Source code\4_4_wifi_STA_TCP_Server
2022/06/27 11:24:43 [92mIDE --> LS     CL: NOTIFICATION initialized: [0m
2022/06/27 11:24:44 INIT--- initializing workbench (done)
2022/06/27 11:24:44 INIT--- [93m unlocked[0m
2022/06/27 11:24:44 IDE --> initialized notif1 [93m read-locked[0m
2022/06/27 11:24:44 IDE --> initialized notif1 notification is not propagated to clangd
2022/06/27 11:24:44 IDE --> initialized notif1 [93m read-unlocked[0m
2022/06/27 11:24:44 [92mIDE --> LS     CL: NOTIFICATION textDocument/didOpen: [0m
2022/06/27 11:24:44 IDE --> textDocument/didOpen notif2 [93m locked[0m
2022/06/27 11:24:44 IDE --> textDocument/didOpen notif2 (throttled: waiting for clangd)
2022/06/27 11:24:44 IDE --> textDocument/didOpen notif2 [93m unlocked (waiting clangd)[0m







Started logging.
2022/06/27 12:34:58 logging to c:\Users\zhang'pei\Desktop\ESP32-2432S028ä¾‹å­\arduino\Source code\4_4_wifi_STA_TCP_Server\inols.log
2022/06/27 12:34:58 Initial board configuration: {"ESP32 Dev Module" esp32:esp32:esp32}
2022/06/27 12:34:58 Language server build path: C:\Users\zhang'pei\AppData\Local\Temp\arduino-language-server000923903
2022/06/27 12:34:58 Language server build sketch root: C:\Users\zhang'pei\AppData\Local\Temp\arduino-language-server000923903\sketch
2022/06/27 12:34:58 [92mIDE --> LS     CL: REQUEST initialize 0: [0m
2022/06/27 12:34:58 IDE --> initialize 0 [93m locked[0m
2022/06/27 12:34:58 IDE --> initialize 0 [93m unlocked[0m
2022/06/27 12:34:58 INIT--- initializing workbench
2022/06/27 12:34:58 INIT--- [93m locked[0m
2022/06/27 12:34:58 [91mIDE <-- LS     CL: ANSWER UNBOUND (0): [0m
2022/06/27 12:34:58     --> initialize(file:///c%3A/Users/zhang%27pei/Desktop/ESP32-2432S028%E4%BE%8B%E5%AD%90/arduino/Source%20code/4_4_wifi_STA_TCP_Server)
2022/06/27 12:34:58 running:  d:\arduino\Arduino IDE\resources\app\node_modules\arduino-ide-extension\build\arduino-cli.exe --config-file c:\Users\zhang'pei\.arduinoIDE\arduino-cli.yaml compile --fqbn esp32:esp32:esp32 --only-compilation-database --clean --source-override C:\Users\ZHANG'~1\AppData\Local\Temp\483787858 --build-path C:\Users\zhang'pei\AppData\Local\Temp\arduino-language-server000923903 --format json C:\Users\zhang'pei\Desktop\ESP32-2432S028ä¾‹å­\arduino\Source code\4_4_wifi_STA_TCP_Server
2022/06/27 12:34:58 [92mIDE --> LS     CL: NOTIFICATION initialized: [0m
2022/06/27 12:34:59 INIT--- initializing workbench (done)
2022/06/27 12:34:59 INIT--- [93m unlocked[0m
2022/06/27 12:34:59 IDE --> initialized notif1 [93m read-locked[0m
2022/06/27 12:34:59 IDE --> initialized notif1 notification is not propagated to clangd
2022/06/27 12:34:59 IDE --> initialized notif1 [93m read-unlocked[0m
2022/06/27 12:34:59 [92mIDE --> LS     CL: NOTIFICATION textDocument/didOpen: [0m
2022/06/27 12:34:59 IDE --> textDocument/didOpen notif2 [93m locked[0m
2022/06/27 12:34:59 IDE --> textDocument/didOpen notif2 (throttled: waiting for clangd)
2022/06/27 12:34:59 IDE --> textDocument/didOpen notif2 [93m unlocked (waiting clangd)[0m
